2025-12-25 19:08:21,857 - INFO - === TARGET 全自動取得プログラム (キーボード巡回版) ===
2025-12-25 19:08:21,857 - INFO - 新しい垂直リストの1行目を選択(青く)した状態で待機してください。
2025-12-25 19:08:21,858 - INFO - 5秒後に開始します...
2025-12-25 19:08:26,859 - INFO - ========== 開催 1 / 3 ==========
2025-12-25 19:08:26,859 - INFO - 手順1: Enterキーで会場を開きます
2025-12-25 19:08:30,362 - INFO - 手順2: 最初のレース(1R)をダブルクリックします (62, 177)
2025-12-25 19:08:33,882 - INFO -   --- レース 1 / 1 ---
2025-12-25 19:08:47,957 - INFO - 手順13 & 14: ×を2回押して一覧に戻ります
2025-12-25 19:08:54,005 - INFO - 手順15: 矢印キー [↓] で次の開催へ移動します
2025-12-25 19:08:56,008 - INFO - ========== 開催 2 / 3 ==========
2025-12-25 19:08:56,009 - INFO - 手順1: Enterキーで会場を開きます
2025-12-25 19:08:59,512 - INFO - 手順2: 最初のレース(1R)をダブルクリックします (62, 177)
2025-12-25 19:09:03,017 - INFO -   --- レース 1 / 1 ---
2025-12-25 19:09:17,094 - INFO - 手順13 & 14: ×を2回押して一覧に戻ります
2025-12-25 19:09:23,126 - INFO - 手順15: 矢印キー [↓] で次の開催へ移動します
2025-12-25 19:09:25,130 - INFO - ========== 開催 3 / 3 ==========
2025-12-25 19:09:25,131 - INFO - 手順1: Enterキーで会場を開きます
2025-12-25 19:09:28,635 - INFO - 手順2: 最初のレース(1R)をダブルクリックします (62, 177)
2025-12-25 19:09:32,154 - INFO -   --- レース 1 / 1 ---
2025-12-25 19:09:46,232 - INFO - 手順13 & 14: ×を2回押して一覧に戻ります
2025-12-25 19:09:52,263 - INFO - === 全 3 開催の処理がすべて完了しました！ ===
