2025-12-25 18:25:56,965 - INFO - === TARGET 全自動取得プログラム (完成版) ===
2025-12-25 18:25:56,968 - INFO - TARGETを最大化し、会場一覧画面を表示して最前面に置いてください。
2025-12-25 18:25:56,968 - INFO - 5秒後に開始します...
2025-12-25 18:26:01,969 - INFO - ◆ 会場 1 の処理を開始します
2025-12-25 18:26:01,970 - INFO - 手順1: 会場 1 をダブルクリックします
2025-12-25 18:26:05,491 - INFO - 手順2: 最初のレース(1R)をダブルクリックします
2025-12-25 18:26:09,007 - INFO -   --- レース 1 / 12 ---
2025-12-25 18:26:13,035 - INFO - 手順5: JVオッズ取得中...
2025-12-25 18:26:13,567 - INFO - 取得中につき4秒待機します...
2025-12-25 18:26:17,582 - INFO - 手順6, 7: Alt+F -> Alt+O を実行
2025-12-25 18:26:20,091 - INFO - 手順8: CSV形式を選択します
2025-12-25 18:26:20,630 - INFO - 1.5秒待機してから確定します...
2025-12-25 18:26:22,131 - INFO - 手順9: Enterで保存を確定
2025-12-25 18:26:24,633 - INFO - 手順10: オッズ画面を閉じます
2025-12-25 18:26:26,145 - INFO - 手順11: 「次のレース」へ移動
2025-12-25 18:26:28,661 - INFO -   --- レース 2 / 12 ---
2025-12-25 18:26:32,678 - INFO - 手順5: JVオッズ取得中...
2025-12-25 18:26:33,192 - INFO - 取得中につき4秒待機します...
2025-12-25 18:26:37,193 - INFO - 手順6, 7: Alt+F -> Alt+O を実行
2025-12-25 18:26:39,698 - INFO - 手順8: CSV形式を選択します
2025-12-25 18:26:40,200 - INFO - 1.5秒待機してから確定します...
2025-12-25 18:26:41,700 - INFO - 手順9: Enterで保存を確定
2025-12-25 18:26:44,202 - INFO - 手順10: オッズ画面を閉じます
2025-12-25 18:26:45,720 - INFO - 手順11: 「次のレース」へ移動
2025-12-25 18:26:48,237 - INFO -   --- レース 3 / 12 ---
2025-12-25 18:26:52,269 - INFO - 手順5: JVオッズ取得中...
2025-12-25 18:26:52,770 - INFO - 取得中につき4秒待機します...
2025-12-25 18:26:56,771 - INFO - 手順6, 7: Alt+F -> Alt+O を実行
2025-12-25 18:26:59,279 - INFO - 手順8: CSV形式を選択します
2025-12-25 18:26:59,797 - INFO - 1.5秒待機してから確定します...
2025-12-25 18:27:01,298 - INFO - 手順9: Enterで保存を確定
2025-12-25 18:27:03,598 - WARNING - ユーザーにより中断されました
