2025-12-25 18:53:05,173 - INFO - === TARGET 全自動取得プログラム (完成版) ===
2025-12-25 18:53:05,177 - INFO - TARGETを最大化し、会場一覧画面を表示して最前面に置いてください。
2025-12-25 18:53:05,177 - INFO - 5秒後に開始します...
2025-12-25 18:53:10,178 - INFO - ◆ 会場 1 / 3 の処理を開始します
2025-12-25 18:53:10,179 - INFO - 手順1: 会場 1 をダブルクリックします (208, 107)
2025-12-25 18:53:13,697 - INFO - 手順2: 最初のレース(1R)をダブルクリックします (62, 177)
2025-12-25 18:53:17,213 - INFO -   --- レース 1 / 2 ---
2025-12-25 18:53:21,243 - INFO - 手順5: JVオッズ取得中...
2025-12-25 18:53:21,758 - INFO - 2秒待機します...
2025-12-25 18:53:23,759 - INFO - 手順6, 7: Alt+F -> O を実行
2025-12-25 18:53:26,267 - INFO - 手順8: CSV形式を選択
2025-12-25 18:53:26,774 - INFO - 0.5秒待機...
2025-12-25 18:53:27,276 - INFO - 手順9: Enterで確定
2025-12-25 18:53:29,780 - INFO - 手順10: オッズ画面を閉じます
2025-12-25 18:53:31,306 - INFO - 手順11: 「次のレース」へ移動
2025-12-25 18:53:33,821 - INFO -   --- レース 2 / 2 ---
2025-12-25 18:53:37,853 - INFO - 手順5: JVオッズ取得中...
2025-12-25 18:53:38,368 - INFO - 2秒待機します...
2025-12-25 18:53:40,370 - INFO - 手順6, 7: Alt+F -> O を実行
2025-12-25 18:53:42,877 - INFO - 手順8: CSV形式を選択
2025-12-25 18:53:43,383 - INFO - 0.5秒待機...
2025-12-25 18:53:43,884 - INFO - 手順9: Enterで確定
2025-12-25 18:53:46,387 - INFO - 手順10: オッズ画面を閉じます
2025-12-25 18:53:47,899 - INFO - 会場 1 の最終レース処理が完了しました
2025-12-25 18:53:47,900 - INFO - 手順13 & 14: 「×」を2回クリックして会場一覧に戻ります
2025-12-25 18:53:53,963 - INFO - ◆ 会場 2 / 3 の処理を開始します
2025-12-25 18:53:53,964 - INFO - 手順1: 会場 2 をダブルクリックします (318, 107)
2025-12-25 18:53:57,480 - INFO - 手順2: 最初のレース(1R)をダブルクリックします (62, 177)
2025-12-25 18:54:00,995 - INFO -   --- レース 1 / 2 ---
2025-12-25 18:54:05,024 - INFO - 手順5: JVオッズ取得中...
2025-12-25 18:54:05,539 - INFO - 2秒待機します...
2025-12-25 18:54:07,540 - INFO - 手順6, 7: Alt+F -> O を実行
2025-12-25 18:54:10,049 - INFO - 手順8: CSV形式を選択
2025-12-25 18:54:10,555 - INFO - 0.5秒待機...
2025-12-25 18:54:11,056 - INFO - 手順9: Enterで確定
2025-12-25 18:54:13,559 - INFO - 手順10: オッズ画面を閉じます
2025-12-25 18:54:15,070 - INFO - 手順11: 「次のレース」へ移動
2025-12-25 18:54:17,586 - INFO -   --- レース 2 / 2 ---
2025-12-25 18:54:21,617 - INFO - 手順5: JVオッズ取得中...
2025-12-25 18:54:22,132 - INFO - 2秒待機します...
2025-12-25 18:54:24,134 - INFO - 手順6, 7: Alt+F -> O を実行
2025-12-25 18:54:26,643 - INFO - 手順8: CSV形式を選択
2025-12-25 18:54:27,147 - INFO - 0.5秒待機...
2025-12-25 18:54:27,648 - INFO - 手順9: Enterで確定
2025-12-25 18:54:30,150 - INFO - 手順10: オッズ画面を閉じます
2025-12-25 18:54:31,662 - INFO - 会場 2 の最終レース処理が完了しました
2025-12-25 18:54:31,663 - INFO - 手順13 & 14: 「×」を2回クリックして会場一覧に戻ります
2025-12-25 18:54:37,694 - INFO - ◆ 会場 3 / 3 の処理を開始します
2025-12-25 18:54:37,695 - INFO - 手順1: 会場 3 をダブルクリックします (436, 109)
2025-12-25 18:54:41,210 - INFO - 手順2: 最初のレース(1R)をダブルクリックします (62, 177)
2025-12-25 18:54:44,724 - INFO -   --- レース 1 / 2 ---
2025-12-25 18:54:48,756 - INFO - 手順5: JVオッズ取得中...
2025-12-25 18:54:49,270 - INFO - 2秒待機します...
2025-12-25 18:54:51,272 - INFO - 手順6, 7: Alt+F -> O を実行
2025-12-25 18:54:53,781 - INFO - 手順8: CSV形式を選択
2025-12-25 18:54:54,285 - INFO - 0.5秒待機...
2025-12-25 18:54:54,786 - INFO - 手順9: Enterで確定
2025-12-25 18:54:57,289 - INFO - 手順10: オッズ画面を閉じます
2025-12-25 18:54:58,817 - INFO - 手順11: 「次のレース」へ移動
2025-12-25 18:55:01,333 - INFO -   --- レース 2 / 2 ---
2025-12-25 18:55:05,365 - INFO - 手順5: JVオッズ取得中...
2025-12-25 18:55:05,880 - INFO - 2秒待機します...
2025-12-25 18:55:07,881 - INFO - 手順6, 7: Alt+F -> O を実行
2025-12-25 18:55:10,389 - INFO - 手順8: CSV形式を選択
2025-12-25 18:55:10,911 - INFO - 0.5秒待機...
2025-12-25 18:55:11,412 - INFO - 手順9: Enterで確定
2025-12-25 18:55:13,915 - INFO - 手順10: オッズ画面を閉じます
2025-12-25 18:55:15,444 - INFO - 会場 3 の最終レース処理が完了しました
2025-12-25 18:55:15,445 - INFO - 手順13 & 14: 「×」を2回クリックして会場一覧に戻ります
2025-12-25 18:55:21,475 - INFO - === 全 3 会場の処理がすべて完了しました！ ===
