2025-12-25 18:28:38,029 - INFO - === TARGET 全自動取得プログラム (完成版) ===
2025-12-25 18:28:38,029 - INFO - TARGETを最大化し、会場一覧画面を表示して最前面に置いてください。
2025-12-25 18:28:38,030 - INFO - 5秒後に開始します...
2025-12-25 18:28:43,030 - INFO - ◆ 1会場分の処理を開始します
2025-12-25 18:28:43,031 - INFO - 手順1: 会場をダブルクリックします (208, 107)
2025-12-25 18:28:46,547 - INFO - 手順2: 最初のレース(1R)をダブルクリックします (62, 177)
2025-12-25 18:28:50,067 - INFO -   --- レース 1 / 12 ---
2025-12-25 18:28:54,098 - INFO - 手順5: JVオッズ取得中...
2025-12-25 18:28:54,613 - INFO - 4秒待機します...
2025-12-25 18:28:58,615 - INFO - 手順6, 7: Alt+F -> O を実行
2025-12-25 18:29:01,124 - INFO - 手順8: CSV形式を選択
2025-12-25 18:29:01,627 - INFO - 1.5秒待機...
2025-12-25 18:29:03,129 - INFO - 手順9: Enterで確定
2025-12-25 18:29:05,633 - INFO - 手順10: オッズ画面を閉じます
2025-12-25 18:29:07,144 - INFO - 手順11: 「次のレース」へ移動
2025-12-25 18:29:09,676 - INFO -   --- レース 2 / 12 ---
2025-12-25 18:29:13,707 - INFO - 手順5: JVオッズ取得中...
2025-12-25 18:29:14,222 - INFO - 4秒待機します...
2025-12-25 18:29:18,223 - INFO - 手順6, 7: Alt+F -> O を実行
2025-12-25 18:29:20,731 - INFO - 手順8: CSV形式を選択
2025-12-25 18:29:21,236 - INFO - 1.5秒待機...
2025-12-25 18:29:22,738 - INFO - 手順9: Enterで確定
2025-12-25 18:29:25,242 - INFO - 手順10: オッズ画面を閉じます
2025-12-25 18:29:26,753 - INFO - 手順11: 「次のレース」へ移動
2025-12-25 18:29:29,267 - INFO -   --- レース 3 / 12 ---
2025-12-25 18:29:33,299 - INFO - 手順5: JVオッズ取得中...
2025-12-25 18:29:33,813 - INFO - 4秒待機します...
2025-12-25 18:29:37,814 - INFO - 手順6, 7: Alt+F -> O を実行
2025-12-25 18:29:40,322 - INFO - 手順8: CSV形式を選択
2025-12-25 18:29:40,828 - INFO - 1.5秒待機...
2025-12-25 18:29:42,329 - INFO - 手順9: Enterで確定
2025-12-25 18:29:44,832 - INFO - 手順10: オッズ画面を閉じます
2025-12-25 18:29:46,347 - INFO - 手順11: 「次のレース」へ移動
2025-12-25 18:29:48,863 - INFO -   --- レース 4 / 12 ---
2025-12-25 18:29:52,897 - INFO - 手順5: JVオッズ取得中...
2025-12-25 18:29:53,412 - INFO - 4秒待機します...
2025-12-25 18:29:57,414 - INFO - 手順6, 7: Alt+F -> O を実行
2025-12-25 18:29:59,923 - INFO - 手順8: CSV形式を選択
2025-12-25 18:30:00,437 - INFO - 1.5秒待機...
2025-12-25 18:30:01,938 - INFO - 手順9: Enterで確定
2025-12-25 18:30:04,442 - INFO - 手順10: オッズ画面を閉じます
2025-12-25 18:30:05,952 - INFO - 手順11: 「次のレース」へ移動
2025-12-25 18:30:08,468 - INFO -   --- レース 5 / 12 ---
2025-12-25 18:30:12,498 - INFO - 手順5: JVオッズ取得中...
2025-12-25 18:30:13,013 - INFO - 4秒待機します...
2025-12-25 18:30:17,014 - INFO - 手順6, 7: Alt+F -> O を実行
2025-12-25 18:30:19,519 - INFO - 手順8: CSV形式を選択
2025-12-25 18:30:20,026 - INFO - 1.5秒待機...
2025-12-25 18:30:21,527 - INFO - 手順9: Enterで確定
2025-12-25 18:30:24,031 - INFO - 手順10: オッズ画面を閉じます
2025-12-25 18:30:25,542 - INFO - 手順11: 「次のレース」へ移動
2025-12-25 18:30:28,059 - INFO -   --- レース 6 / 12 ---
2025-12-25 18:30:32,089 - INFO - 手順5: JVオッズ取得中...
2025-12-25 18:30:32,604 - INFO - 4秒待機します...
2025-12-25 18:30:36,605 - INFO - 手順6, 7: Alt+F -> O を実行
2025-12-25 18:30:39,111 - INFO - 手順8: CSV形式を選択
2025-12-25 18:30:39,619 - INFO - 1.5秒待機...
2025-12-25 18:30:41,120 - INFO - 手順9: Enterで確定
2025-12-25 18:30:43,624 - INFO - 手順10: オッズ画面を閉じます
2025-12-25 18:30:45,134 - INFO - 手順11: 「次のレース」へ移動
2025-12-25 18:30:47,666 - INFO -   --- レース 7 / 12 ---
2025-12-25 18:30:51,714 - INFO - 手順5: JVオッズ取得中...
2025-12-25 18:30:52,229 - INFO - 4秒待機します...
2025-12-25 18:30:56,230 - INFO - 手順6, 7: Alt+F -> O を実行
2025-12-25 18:30:58,739 - INFO - 手順8: CSV形式を選択
2025-12-25 18:30:59,243 - INFO - 1.5秒待機...
2025-12-25 18:31:00,745 - INFO - 手順9: Enterで確定
2025-12-25 18:31:03,248 - INFO - 手順10: オッズ画面を閉じます
2025-12-25 18:31:04,760 - INFO - 手順11: 「次のレース」へ移動
2025-12-25 18:31:07,275 - INFO -   --- レース 8 / 12 ---
2025-12-25 18:31:11,306 - INFO - 手順5: JVオッズ取得中...
2025-12-25 18:31:11,821 - INFO - 4秒待機します...
2025-12-25 18:31:15,823 - INFO - 手順6, 7: Alt+F -> O を実行
2025-12-25 18:31:18,330 - INFO - 手順8: CSV形式を選択
2025-12-25 18:31:18,835 - INFO - 1.5秒待機...
2025-12-25 18:31:20,337 - INFO - 手順9: Enterで確定
2025-12-25 18:31:22,839 - INFO - 手順10: オッズ画面を閉じます
2025-12-25 18:31:24,351 - INFO - 手順11: 「次のレース」へ移動
2025-12-25 18:31:26,866 - INFO -   --- レース 9 / 12 ---
2025-12-25 18:31:30,897 - INFO - 手順5: JVオッズ取得中...
2025-12-25 18:31:31,413 - INFO - 4秒待機します...
2025-12-25 18:31:35,414 - INFO - 手順6, 7: Alt+F -> O を実行
2025-12-25 18:31:37,922 - INFO - 手順8: CSV形式を選択
2025-12-25 18:31:38,428 - INFO - 1.5秒待機...
2025-12-25 18:31:39,930 - INFO - 手順9: Enterで確定
2025-12-25 18:31:42,434 - INFO - 手順10: オッズ画面を閉じます
2025-12-25 18:31:43,947 - INFO - 手順11: 「次のレース」へ移動
2025-12-25 18:31:46,462 - INFO -   --- レース 10 / 12 ---
2025-12-25 18:31:50,489 - INFO - 手順5: JVオッズ取得中...
2025-12-25 18:31:51,004 - INFO - 4秒待機します...
2025-12-25 18:31:55,005 - INFO - 手順6, 7: Alt+F -> O を実行
2025-12-25 18:31:57,509 - INFO - 手順8: CSV形式を選択
2025-12-25 18:31:58,017 - INFO - 1.5秒待機...
2025-12-25 18:31:59,518 - INFO - 手順9: Enterで確定
2025-12-25 18:32:02,020 - INFO - 手順10: オッズ画面を閉じます
2025-12-25 18:32:03,532 - INFO - 手順11: 「次のレース」へ移動
2025-12-25 18:32:06,048 - INFO -   --- レース 11 / 12 ---
2025-12-25 18:32:10,079 - INFO - 手順5: JVオッズ取得中...
2025-12-25 18:32:10,594 - INFO - 4秒待機します...
2025-12-25 18:32:14,595 - INFO - 手順6, 7: Alt+F -> O を実行
2025-12-25 18:32:17,101 - INFO - 手順8: CSV形式を選択
2025-12-25 18:32:17,608 - INFO - 1.5秒待機...
2025-12-25 18:32:19,109 - INFO - 手順9: Enterで確定
2025-12-25 18:32:21,612 - INFO - 手順10: オッズ画面を閉じます
2025-12-25 18:32:23,128 - INFO - 手順11: 「次のレース」へ移動
2025-12-25 18:32:25,645 - INFO -   --- レース 12 / 12 ---
2025-12-25 18:32:29,713 - INFO - 手順5: JVオッズ取得中...
2025-12-25 18:32:30,229 - INFO - 4秒待機します...
2025-12-25 18:32:34,230 - INFO - 手順6, 7: Alt+F -> O を実行
2025-12-25 18:32:36,737 - INFO - 手順8: CSV形式を選択
2025-12-25 18:32:37,245 - INFO - 1.5秒待機...
2025-12-25 18:32:38,747 - INFO - 手順9: Enterで確定
2025-12-25 18:32:41,251 - INFO - 手順10: オッズ画面を閉じます
2025-12-25 18:32:42,763 - INFO - 最終レースの処理が完了しました
2025-12-25 18:32:42,764 - INFO - 手順13: レース画面を閉じて終了します
2025-12-25 18:32:45,278 - INFO - === 1会場分の処理がすべて完了しました！ ===
