2025-12-25 18:39:45,197 - INFO - === TARGET 全自動取得プログラム (完成版) ===
2025-12-25 18:39:45,198 - INFO - TARGETを最大化し、会場一覧画面を表示して最前面に置いてください。
2025-12-25 18:39:45,198 - INFO - 5秒後に開始します...
2025-12-25 18:39:50,199 - INFO - ◆ 1会場分の処理を開始します
2025-12-25 18:39:50,199 - INFO - 手順1: 会場をダブルクリックします (208, 107)
2025-12-25 18:39:53,714 - INFO - 手順2: 最初のレース(1R)をダブルクリックします (62, 177)
2025-12-25 18:39:57,228 - INFO -   --- レース 1 / 2 ---
2025-12-25 18:40:01,257 - INFO - 手順5: JVオッズ取得中...
2025-12-25 18:40:01,772 - INFO - 4秒待機します...
2025-12-25 18:40:05,773 - INFO - 手順6, 7: Alt+F -> O を実行
2025-12-25 18:40:08,278 - INFO - 手順8: CSV形式を選択
2025-12-25 18:40:08,788 - INFO - 1.5秒待機...
2025-12-25 18:40:10,289 - INFO - 手順9: Enterで確定
2025-12-25 18:40:12,792 - INFO - 手順10: オッズ画面を閉じます
2025-12-25 18:40:14,302 - INFO - 手順11: 「次のレース」へ移動
2025-12-25 18:40:16,818 - INFO -   --- レース 2 / 2 ---
2025-12-25 18:40:20,850 - INFO - 手順5: JVオッズ取得中...
2025-12-25 18:40:21,365 - INFO - 4秒待機します...
2025-12-25 18:40:25,366 - INFO - 手順6, 7: Alt+F -> O を実行
2025-12-25 18:40:27,875 - INFO - 手順8: CSV形式を選択
2025-12-25 18:40:28,396 - INFO - 1.5秒待機...
2025-12-25 18:40:29,898 - INFO - 手順9: Enterで確定
2025-12-25 18:40:32,400 - INFO - 手順10: オッズ画面を閉じます
2025-12-25 18:40:33,912 - INFO - 最終レースの処理が完了しました
2025-12-25 18:40:33,913 - INFO - 手順13: レース画面を閉じて終了します
2025-12-25 18:40:36,427 - INFO - === 1会場分の処理がすべて完了しました！ ===
